1505966665764	geckodriver	INFO	geckodriver 0.19.0
1505966665768	geckodriver	INFO	Listening on 127.0.0.1:49828
1505966792133	geckodriver	INFO	geckodriver 0.19.0
1505966792137	geckodriver	INFO	Listening on 127.0.0.1:49900
1505966981603	geckodriver	INFO	geckodriver 0.19.0
1505966981607	geckodriver	INFO	Listening on 127.0.0.1:49923
1505967327873	geckodriver	INFO	geckodriver 0.19.0
1505967327878	geckodriver	INFO	Listening on 127.0.0.1:50567
1505967469257	geckodriver	INFO	geckodriver 0.19.0
1505967469261	geckodriver	INFO	Listening on 127.0.0.1:50580
1505967767754	geckodriver	INFO	geckodriver 0.19.0
1505967767762	geckodriver	INFO	Listening on 127.0.0.1:49745
1505968284130	geckodriver	INFO	geckodriver 0.19.0
1505968284134	geckodriver	INFO	Listening on 127.0.0.1:50022
1505968685240	geckodriver	INFO	geckodriver 0.19.0
1505968685244	geckodriver	INFO	Listening on 127.0.0.1:50078
1505968926311	geckodriver	INFO	geckodriver 0.19.0
1505968926317	geckodriver	INFO	Listening on 127.0.0.1:50154
1505969105934	geckodriver	INFO	geckodriver 0.19.0
1505969105938	geckodriver	INFO	Listening on 127.0.0.1:50169
1505969357391	geckodriver	INFO	geckodriver 0.19.0
1505969357396	geckodriver	INFO	Listening on 127.0.0.1:50316
1505969426192	geckodriver	INFO	geckodriver 0.19.0
1505969426196	geckodriver	INFO	Listening on 127.0.0.1:50336
1505969427262	mozrunner::runner	INFO	Running command: "/Applications/Firefox.app/Contents/MacOS/firefox-bin" "-marionette" "-profile" "/var/folders/hc/phypkz_n6vsdv6pw140hpk4h0000gn/T/rust_mozprofile.EH1qejaw3cxU"
1505969427511	addons.xpi	WARN	Error parsing extensions state: [Exception... "Component returned failure code: 0x80520012 (NS_ERROR_FILE_NOT_FOUND) [amIAddonManagerStartup.readStartupData]"  nsresult: "0x80520012 (NS_ERROR_FILE_NOT_FOUND)"  location: "JS frame :: resource://gre/modules/addons/XPIProvider.jsm :: loadExtensionState :: line 1596"  data: no] Stack trace: loadExtensionState()@resource://gre/modules/addons/XPIProvider.jsm:1596 < getInstallState()@resource://gre/modules/addons/XPIProvider.jsm:1631 < checkForChanges()@resource://gre/modules/addons/XPIProvider.jsm:3152 < startup()@resource://gre/modules/addons/XPIProvider.jsm:2246 < callProvider()@resource://gre/modules/AddonManager.jsm:271 < _startProvider()@resource://gre/modules/AddonManager.jsm:741 < startup()@resource://gre/modules/AddonManager.jsm:908 < startup()@resource://gre/modules/AddonManager.jsm:3122 < observe()@jar:file:///Applications/Firefox.app/Contents/Resources/omni.ja!/components/addonManager.js:65
1505969427826	Marionette	INFO	Enabled via --marionette
2017-09-21 04:50:28.805 plugin-container[1518:28581] *** CFMessagePort: bootstrap_register(): failed 1100 (0x44c) 'Permission denied', port = 0x9e3b, name = 'com.apple.tsm.portname'
See /usr/include/servers/bootstrap_defs.h for the error codes.
2017-09-21 04:50:28.806 plugin-container[1518:28581] *** CFMessagePort: bootstrap_register(): failed 1100 (0x44c) 'Permission denied', port = 0xa103, name = 'com.apple.CFPasteboardClient'
See /usr/include/servers/bootstrap_defs.h for the error codes.
1505969429073	Marionette	INFO	Listening on port 50345
JavaScript error: chrome://marionette/content/server.js, line 337: NS_ERROR_SOCKET_ADDRESS_IN_USE: Component returned failure code: 0x804b0036 (NS_ERROR_SOCKET_ADDRESS_IN_USE) [nsIServerSocket.initSpecialConnection]
1505969429133	Marionette	WARN	TLS certificate errors will be ignored for this session
1505969429164	Marionette	DEBUG	loaded listener.js
1505969556025	geckodriver	INFO	geckodriver 0.19.0
1505969556029	geckodriver	INFO	Listening on 127.0.0.1:50410
1505969557087	mozrunner::runner	INFO	Running command: "/Applications/Firefox.app/Contents/MacOS/firefox-bin" "-marionette" "-profile" "/var/folders/hc/phypkz_n6vsdv6pw140hpk4h0000gn/T/rust_mozprofile.zFgDmktj03hp"
1505969557363	addons.xpi	WARN	Error parsing extensions state: [Exception... "Component returned failure code: 0x80520012 (NS_ERROR_FILE_NOT_FOUND) [amIAddonManagerStartup.readStartupData]"  nsresult: "0x80520012 (NS_ERROR_FILE_NOT_FOUND)"  location: "JS frame :: resource://gre/modules/addons/XPIProvider.jsm :: loadExtensionState :: line 1596"  data: no] Stack trace: loadExtensionState()@resource://gre/modules/addons/XPIProvider.jsm:1596 < getInstallState()@resource://gre/modules/addons/XPIProvider.jsm:1631 < checkForChanges()@resource://gre/modules/addons/XPIProvider.jsm:3152 < startup()@resource://gre/modules/addons/XPIProvider.jsm:2246 < callProvider()@resource://gre/modules/AddonManager.jsm:271 < _startProvider()@resource://gre/modules/AddonManager.jsm:741 < startup()@resource://gre/modules/AddonManager.jsm:908 < startup()@resource://gre/modules/AddonManager.jsm:3122 < observe()@jar:file:///Applications/Firefox.app/Contents/Resources/omni.ja!/components/addonManager.js:65
1505969557685	Marionette	INFO	Enabled via --marionette
2017-09-21 04:52:38.856 plugin-container[1597:31102] *** CFMessagePort: bootstrap_register(): failed 1100 (0x44c) 'Permission denied', port = 0x9e3b, name = 'com.apple.tsm.portname'
See /usr/include/servers/bootstrap_defs.h for the error codes.
2017-09-21 04:52:38.859 plugin-container[1597:31102] *** CFMessagePort: bootstrap_register(): failed 1100 (0x44c) 'Permission denied', port = 0xa103, name = 'com.apple.CFPasteboardClient'
See /usr/include/servers/bootstrap_defs.h for the error codes.
1505969559037	Marionette	INFO	Listening on port 50419
JavaScript error: chrome://marionette/content/server.js, line 337: NS_ERROR_SOCKET_ADDRESS_IN_USE: Component returned failure code: 0x804b0036 (NS_ERROR_SOCKET_ADDRESS_IN_USE) [nsIServerSocket.initSpecialConnection]
1505969559065	Marionette	WARN	TLS certificate errors will be ignored for this session
1505969559103	Marionette	DEBUG	loaded listener.js
1505969559120	Marionette	INFO	New connections will no longer be accepted
1505969934954	geckodriver	INFO	geckodriver 0.19.0
1505969934959	geckodriver	INFO	Listening on 127.0.0.1:50475
1505969936015	mozrunner::runner	INFO	Running command: "/Applications/Firefox.app/Contents/MacOS/firefox-bin" "-marionette" "-profile" "/var/folders/hc/phypkz_n6vsdv6pw140hpk4h0000gn/T/rust_mozprofile.gwTU8ABzwcxH"
1505969936239	addons.xpi	WARN	Error parsing extensions state: [Exception... "Component returned failure code: 0x80520012 (NS_ERROR_FILE_NOT_FOUND) [amIAddonManagerStartup.readStartupData]"  nsresult: "0x80520012 (NS_ERROR_FILE_NOT_FOUND)"  location: "JS frame :: resource://gre/modules/addons/XPIProvider.jsm :: loadExtensionState :: line 1596"  data: no] Stack trace: loadExtensionState()@resource://gre/modules/addons/XPIProvider.jsm:1596 < getInstallState()@resource://gre/modules/addons/XPIProvider.jsm:1631 < checkForChanges()@resource://gre/modules/addons/XPIProvider.jsm:3152 < startup()@resource://gre/modules/addons/XPIProvider.jsm:2246 < callProvider()@resource://gre/modules/AddonManager.jsm:271 < _startProvider()@resource://gre/modules/AddonManager.jsm:741 < startup()@resource://gre/modules/AddonManager.jsm:908 < startup()@resource://gre/modules/AddonManager.jsm:3122 < observe()@jar:file:///Applications/Firefox.app/Contents/Resources/omni.ja!/components/addonManager.js:65
1505969936538	Marionette	INFO	Enabled via --marionette
1505969937808	Marionette	INFO	Listening on port 50484
JavaScript error: chrome://marionette/content/server.js, line 337: NS_ERROR_SOCKET_ADDRESS_IN_USE: Component returned failure code: 0x804b0036 (NS_ERROR_SOCKET_ADDRESS_IN_USE) [nsIServerSocket.initSpecialConnection]
1505969937886	Marionette	WARN	TLS certificate errors will be ignored for this session
2017-09-21 04:58:57.904 plugin-container[1796:36851] *** CFMessagePort: bootstrap_register(): failed 1100 (0x44c) 'Permission denied', port = 0x9e3b, name = 'com.apple.tsm.portname'
See /usr/include/servers/bootstrap_defs.h for the error codes.
2017-09-21 04:58:57.906 plugin-container[1796:36851] *** CFMessagePort: bootstrap_register(): failed 1100 (0x44c) 'Permission denied', port = 0xa103, name = 'com.apple.CFPasteboardClient'
See /usr/include/servers/bootstrap_defs.h for the error codes.
1505969937936	Marionette	DEBUG	loaded listener.js
1505969937958	Marionette	DEBUG	Received DOM event "beforeunload" for "about:blank"
1505969937989	Marionette	DEBUG	Received DOM event "pagehide" for "about:blank"
1505969937989	Marionette	DEBUG	Received DOM event "unload" for "about:blank"
1505969937995	Marionette	DEBUG	Received DOM event "DOMContentLoaded" for "http://localhost:50474/"
1505969938003	Marionette	DEBUG	Received DOM event "pageshow" for "http://localhost:50474/"
1505969938063	Marionette	INFO	New connections will no longer be accepted
[GFX1-]: Receive IPC close with reason=AbnormalShutdown
1505969958249	geckodriver	INFO	geckodriver 0.19.0
1505969958253	geckodriver	INFO	Listening on 127.0.0.1:50538
1505969959312	mozrunner::runner	INFO	Running command: "/Applications/Firefox.app/Contents/MacOS/firefox-bin" "-marionette" "-profile" "/var/folders/hc/phypkz_n6vsdv6pw140hpk4h0000gn/T/rust_mozprofile.wEnG2wFPodor"
1505969959542	addons.xpi	WARN	Error parsing extensions state: [Exception... "Component returned failure code: 0x80520012 (NS_ERROR_FILE_NOT_FOUND) [amIAddonManagerStartup.readStartupData]"  nsresult: "0x80520012 (NS_ERROR_FILE_NOT_FOUND)"  location: "JS frame :: resource://gre/modules/addons/XPIProvider.jsm :: loadExtensionState :: line 1596"  data: no] Stack trace: loadExtensionState()@resource://gre/modules/addons/XPIProvider.jsm:1596 < getInstallState()@resource://gre/modules/addons/XPIProvider.jsm:1631 < checkForChanges()@resource://gre/modules/addons/XPIProvider.jsm:3152 < startup()@resource://gre/modules/addons/XPIProvider.jsm:2246 < callProvider()@resource://gre/modules/AddonManager.jsm:271 < _startProvider()@resource://gre/modules/AddonManager.jsm:741 < startup()@resource://gre/modules/AddonManager.jsm:908 < startup()@resource://gre/modules/AddonManager.jsm:3122 < observe()@jar:file:///Applications/Firefox.app/Contents/Resources/omni.ja!/components/addonManager.js:65
1505969959854	Marionette	INFO	Enabled via --marionette
2017-09-21 04:59:21.050 plugin-container[1815:37825] *** CFMessagePort: bootstrap_register(): failed 1100 (0x44c) 'Permission denied', port = 0x9e3b, name = 'com.apple.tsm.portname'
See /usr/include/servers/bootstrap_defs.h for the error codes.
2017-09-21 04:59:21.055 plugin-container[1815:37825] *** CFMessagePort: bootstrap_register(): failed 1100 (0x44c) 'Permission denied', port = 0xa103, name = 'com.apple.CFPasteboardClient'
See /usr/include/servers/bootstrap_defs.h for the error codes.
1505969961338	Marionette	INFO	Listening on port 50547
JavaScript error: chrome://marionette/content/server.js, line 337: NS_ERROR_SOCKET_ADDRESS_IN_USE: Component returned failure code: 0x804b0036 (NS_ERROR_SOCKET_ADDRESS_IN_USE) [nsIServerSocket.initSpecialConnection]
1505969961383	Marionette	WARN	TLS certificate errors will be ignored for this session
1505969961413	Marionette	DEBUG	loaded listener.js
1505969961437	Marionette	DEBUG	Received DOM event "beforeunload" for "about:blank"
1505969961466	Marionette	DEBUG	Received DOM event "pagehide" for "about:blank"
1505969961467	Marionette	DEBUG	Received DOM event "unload" for "about:blank"
1505969961473	Marionette	DEBUG	Received DOM event "DOMContentLoaded" for "http://localhost:50537/"
1505969961482	Marionette	DEBUG	Received DOM event "pageshow" for "http://localhost:50537/"
1505969961538	Marionette	INFO	New connections will no longer be accepted
1544502463915	geckodriver	INFO	geckodriver 0.19.0
1544502463924	geckodriver	INFO	Listening on 127.0.0.1:61484
1544502465092	mozrunner::runner	INFO	Running command: "/Applications/Firefox.app/Contents/MacOS/firefox-bin" "-marionette" "-profile" "/var/folders/hc/phypkz_n6vsdv6pw140hpk4h0000gn/T/rust_mozprofile.2k6c4hyeu9Ks"
1544502465551	addons.xpi	WARN	Error parsing extensions state: [Exception... "Component returned failure code: 0x80520012 (NS_ERROR_FILE_NOT_FOUND) [amIAddonManagerStartup.readStartupData]"  nsresult: "0x80520012 (NS_ERROR_FILE_NOT_FOUND)"  location: "JS frame :: resource://gre/modules/addons/XPIProvider.jsm :: loadExtensionState :: line 1554"  data: no] Stack trace: loadExtensionState()@resource://gre/modules/addons/XPIProvider.jsm:1554 < getInstallState()@resource://gre/modules/addons/XPIProvider.jsm:1589 < checkForChanges()@resource://gre/modules/addons/XPIProvider.jsm:3109 < startup()@resource://gre/modules/addons/XPIProvider.jsm:2188 < callProvider()@resource://gre/modules/AddonManager.jsm:269 < _startProvider()@resource://gre/modules/AddonManager.jsm:739 < startup()@resource://gre/modules/AddonManager.jsm:906 < startup()@resource://gre/modules/AddonManager.jsm:3090 < observe()@jar:file:///Applications/Firefox.app/Contents/Resources/omni.ja!/components/addonManager.js:65
1544502465950	Marionette	INFO	Enabled via --marionette
2018-12-11 04:27:46.953 plugin-container[31837:2755358] *** CFMessagePort: bootstrap_register(): failed 1100 (0x44c) 'Permission denied', port = 0x8b3b, name = 'com.apple.tsm.portname'
See /usr/include/servers/bootstrap_defs.h for the error codes.
1544502467645	Marionette	INFO	Listening on port 61493
1544502467702	Marionette	WARN	TLS certificate errors will be ignored for this session
1544502467738	Marionette	DEBUG	Register listener.js for window 2147483649
1544502467764	Marionette	DEBUG	Received DOM event "beforeunload" for "about:blank"
1544502467794	Marionette	DEBUG	Received DOM event "pagehide" for "about:blank"
1544502467794	Marionette	DEBUG	Received DOM event "unload" for "about:blank"
1544502467804	Marionette	DEBUG	Received DOM event "DOMContentLoaded" for "http://localhost:61483/"
1544502467827	Marionette	DEBUG	Received DOM event "pageshow" for "http://localhost:61483/"
1544502467917	Marionette	INFO	New connections will no longer be accepted
1547007434838	geckodriver	INFO	geckodriver 0.19.0
1547007434848	geckodriver	INFO	Listening on 127.0.0.1:59178
1547007436006	mozrunner::runner	INFO	Running command: "/Applications/Firefox.app/Contents/MacOS/firefox-bin" "-marionette" "-profile" "/var/folders/hc/phypkz_n6vsdv6pw140hpk4h0000gn/T/rust_mozprofile.Tv7YDNelcLEA"
1547007436663	addons.xpi	WARN	Error parsing extensions state: [Exception... "Component returned failure code: 0x80520012 (NS_ERROR_FILE_NOT_FOUND) [amIAddonManagerStartup.readStartupData]"  nsresult: "0x80520012 (NS_ERROR_FILE_NOT_FOUND)"  location: "JS frame :: resource://gre/modules/addons/XPIProvider.jsm :: loadExtensionState :: line 1554"  data: no] Stack trace: loadExtensionState()@resource://gre/modules/addons/XPIProvider.jsm:1554 < getInstallState()@resource://gre/modules/addons/XPIProvider.jsm:1589 < checkForChanges()@resource://gre/modules/addons/XPIProvider.jsm:3109 < startup()@resource://gre/modules/addons/XPIProvider.jsm:2188 < callProvider()@resource://gre/modules/AddonManager.jsm:269 < _startProvider()@resource://gre/modules/AddonManager.jsm:739 < startup()@resource://gre/modules/AddonManager.jsm:906 < startup()@resource://gre/modules/AddonManager.jsm:3090 < observe()@jar:file:///Applications/Firefox.app/Contents/Resources/omni.ja!/components/addonManager.js:65
1547007437062	Marionette	INFO	Enabled via --marionette
2019-01-09 04:17:18.248 plugin-container[54968:2807108] *** CFMessagePort: bootstrap_register(): failed 1100 (0x44c) 'Permission denied', port = 0x783b, name = 'com.apple.tsm.portname'
See /usr/include/servers/bootstrap_defs.h for the error codes.
1547007438939	Marionette	INFO	Listening on port 59188
1547007439032	Marionette	WARN	TLS certificate errors will be ignored for this session
1547007439070	Marionette	DEBUG	Register listener.js for window 2147483649
1547007439090	Marionette	DEBUG	Received DOM event "beforeunload" for "about:blank"
1547007439118	Marionette	DEBUG	Received DOM event "pagehide" for "about:blank"
1547007439118	Marionette	DEBUG	Received DOM event "unload" for "about:blank"
1547007439124	Marionette	DEBUG	Received DOM event "DOMContentLoaded" for "http://localhost:59177/"
1547007439134	Marionette	DEBUG	Received DOM event "pageshow" for "http://localhost:59177/"
1547007439284	Marionette	INFO	New connections will no longer be accepted
1547092923142	geckodriver	INFO	geckodriver 0.19.0
1547092923172	geckodriver	INFO	Listening on 127.0.0.1:61518
1547092924196	mozrunner::runner	INFO	Running command: "/Applications/Firefox.app/Contents/MacOS/firefox-bin" "-marionette" "-profile" "/var/folders/hc/phypkz_n6vsdv6pw140hpk4h0000gn/T/rust_mozprofile.1BQOUcmexQA2"
1547092925045	addons.webextension.screenshots@mozilla.org	WARN	Loading extension 'screenshots@mozilla.org': Reading manifest: Invalid host permission: resource://pdf.js/
1547092925046	addons.webextension.screenshots@mozilla.org	WARN	Loading extension 'screenshots@mozilla.org': Reading manifest: Invalid host permission: about:reader*
1547092925180	Marionette	DEBUG	Received observer notification profile-after-change
1547092925375	Marionette	DEBUG	Received observer notification command-line-startup
1547092925375	Marionette	DEBUG	Received observer notification nsPref:changed
1547092925375	Marionette	DEBUG	Init aborted (running=false, enabled=true, finalUIStartup=false)
1547092925553	Marionette	DEBUG	Received observer notification toplevel-window-ready
Can't find symbol 'GetGraphicsResetStatus'.
1547092926649	Marionette	DEBUG	Received observer notification sessionstore-windows-restored
1547092926649	Marionette	DEBUG	Waiting for delayed startup...
1547092926731	Marionette	DEBUG	Setting recommended pref app.update.disabledForTesting to true
1547092926731	Marionette	DEBUG	Setting recommended pref security.turn_off_all_security_so_that_viruses_can_take_over_this_computer to true
1547092926731	Marionette	DEBUG	Setting recommended pref browser.contentblocking.introCount to 99
1547092926732	Marionette	DEBUG	Setting recommended pref browser.urlbar.suggest.searches to false
1547092926732	Marionette	DEBUG	Setting recommended pref datareporting.policy.dataSubmissionPolicyAccepted to false
1547092926732	Marionette	DEBUG	Setting recommended pref dom.disable_beforeunload to true
1547092926733	Marionette	DEBUG	Setting recommended pref toolkit.cosmeticAnimations.enabled to false
1547092926773	Marionette	INFO	Listening on port 61529
1547092926773	Marionette	DEBUG	Remote service is active
1547092926843	Marionette	DEBUG	Accepted connection 0 from 127.0.0.1:61583
1547092926845	Marionette	TRACE	0 -> [0,1,"newSession",{"acceptInsecureCerts":true,"browserName":"firefox","capabilities":{"desiredCapabilities":{"acceptInsecureCerts":true,"browserName":"firefox"}}}]
1547092926846	Marionette	TRACE	0 <- [1,1,{"error":"unknown command","message":"newSession","stacktrace":"WebDriverError@chrome://marionette/content/error.js:178: ... et@chrome://marionette/content/server.js:236:8\n_onJSONObjectReady/<@chrome://marionette/content/transport.js:490:9\n"},null]
[GFX1-]: Receive IPC close with reason=AbnormalShutdown
[GFX1-]: Receive IPC close with reason=AbnormalShutdown
1547093336168	geckodriver	INFO	geckodriver 0.19.0
1547093336173	geckodriver	INFO	Listening on 127.0.0.1:61619
1547093337249	mozrunner::runner	INFO	Running command: "/Applications/Firefox.app/Contents/MacOS/firefox-bin" "-marionette" "-profile" "/var/folders/hc/phypkz_n6vsdv6pw140hpk4h0000gn/T/rust_mozprofile.brIXO6FnRHSh"
1547093337701	addons.webextension.screenshots@mozilla.org	WARN	Loading extension 'screenshots@mozilla.org': Reading manifest: Invalid host permission: resource://pdf.js/
1547093337701	addons.webextension.screenshots@mozilla.org	WARN	Loading extension 'screenshots@mozilla.org': Reading manifest: Invalid host permission: about:reader*
1547093337816	Marionette	DEBUG	Received observer notification profile-after-change
1547093337909	Marionette	DEBUG	Received observer notification command-line-startup
1547093337909	Marionette	DEBUG	Received observer notification nsPref:changed
1547093337909	Marionette	DEBUG	Init aborted (running=false, enabled=true, finalUIStartup=false)
1547093338075	Marionette	DEBUG	Received observer notification toplevel-window-ready
Can't find symbol 'GetGraphicsResetStatus'.
1547093338915	Marionette	DEBUG	Received observer notification sessionstore-windows-restored
1547093338915	Marionette	DEBUG	Waiting for delayed startup...
1547093339022	Marionette	DEBUG	Setting recommended pref app.update.disabledForTesting to true
1547093339022	Marionette	DEBUG	Setting recommended pref security.turn_off_all_security_so_that_viruses_can_take_over_this_computer to true
1547093339022	Marionette	DEBUG	Setting recommended pref browser.contentblocking.introCount to 99
1547093339023	Marionette	DEBUG	Setting recommended pref browser.urlbar.suggest.searches to false
1547093339023	Marionette	DEBUG	Setting recommended pref datareporting.policy.dataSubmissionPolicyAccepted to false
1547093339023	Marionette	DEBUG	Setting recommended pref dom.disable_beforeunload to true
1547093339024	Marionette	DEBUG	Setting recommended pref toolkit.cosmeticAnimations.enabled to false
1547093339060	Marionette	INFO	Listening on port 61630
1547093339060	Marionette	DEBUG	Remote service is active
1547093339113	Marionette	DEBUG	Accepted connection 0 from 127.0.0.1:61670
1547093339115	Marionette	TRACE	0 -> [0,1,"newSession",{"acceptInsecureCerts":true,"browserName":"firefox","capabilities":{"desiredCapabilities":{"acceptInsecureCerts":true,"browserName":"firefox"}}}]
1547093339116	Marionette	TRACE	0 <- [1,1,{"error":"unknown command","message":"newSession","stacktrace":"WebDriverError@chrome://marionette/content/error.js:178: ... et@chrome://marionette/content/server.js:236:8\n_onJSONObjectReady/<@chrome://marionette/content/transport.js:490:9\n"},null]
[GFX1-]: Receive IPC close with reason=AbnormalShutdown
[GFX1-]: Receive IPC close with reason=AbnormalShutdown
1547093640134	geckodriver	INFO	geckodriver 0.19.0
1547093640140	geckodriver	INFO	Listening on 127.0.0.1:61699
1547093641215	mozrunner::runner	INFO	Running command: "/Applications/Firefox.app/Contents/MacOS/firefox-bin" "-marionette" "-profile" "/var/folders/hc/phypkz_n6vsdv6pw140hpk4h0000gn/T/rust_mozprofile.vfl7HPJrBzrb"
1547093641657	addons.webextension.screenshots@mozilla.org	WARN	Loading extension 'screenshots@mozilla.org': Reading manifest: Invalid host permission: resource://pdf.js/
1547093641657	addons.webextension.screenshots@mozilla.org	WARN	Loading extension 'screenshots@mozilla.org': Reading manifest: Invalid host permission: about:reader*
1547093641771	Marionette	DEBUG	Received observer notification profile-after-change
1547093641870	Marionette	DEBUG	Received observer notification command-line-startup
1547093641871	Marionette	DEBUG	Received observer notification nsPref:changed
1547093641871	Marionette	DEBUG	Init aborted (running=false, enabled=true, finalUIStartup=false)
1547093642058	Marionette	DEBUG	Received observer notification toplevel-window-ready
Can't find symbol 'GetGraphicsResetStatus'.
1547093642856	Marionette	DEBUG	Received observer notification sessionstore-windows-restored
1547093642856	Marionette	DEBUG	Waiting for delayed startup...
1547093643112	Marionette	DEBUG	Setting recommended pref app.update.disabledForTesting to true
1547093643112	Marionette	DEBUG	Setting recommended pref security.turn_off_all_security_so_that_viruses_can_take_over_this_computer to true
1547093643112	Marionette	DEBUG	Setting recommended pref browser.contentblocking.introCount to 99
1547093643113	Marionette	DEBUG	Setting recommended pref browser.urlbar.suggest.searches to false
1547093643114	Marionette	DEBUG	Setting recommended pref datareporting.policy.dataSubmissionPolicyAccepted to false
1547093643115	Marionette	DEBUG	Setting recommended pref dom.disable_beforeunload to true
1547093643115	Marionette	DEBUG	Setting recommended pref toolkit.cosmeticAnimations.enabled to false
1547093643151	Marionette	INFO	Listening on port 61710
1547093643151	Marionette	DEBUG	Remote service is active
1547093643192	Marionette	DEBUG	Accepted connection 0 from 127.0.0.1:61752
1547093643194	Marionette	TRACE	0 -> [0,1,"newSession",{"acceptInsecureCerts":true,"browserName":"firefox","capabilities":{"desiredCapabilities":{"acceptInsecureCerts":true,"browserName":"firefox"}}}]
1547093643194	Marionette	TRACE	0 <- [1,1,{"error":"unknown command","message":"newSession","stacktrace":"WebDriverError@chrome://marionette/content/error.js:178: ... et@chrome://marionette/content/server.js:236:8\n_onJSONObjectReady/<@chrome://marionette/content/transport.js:490:9\n"},null]
[GFX1-]: Receive IPC close with reason=AbnormalShutdown
1547093651838	geckodriver	INFO	geckodriver 0.19.0
1547093651842	geckodriver	INFO	Listening on 127.0.0.1:61755
1547093652915	mozrunner::runner	INFO	Running command: "/Applications/Firefox.app/Contents/MacOS/firefox-bin" "-marionette" "-profile" "/var/folders/hc/phypkz_n6vsdv6pw140hpk4h0000gn/T/rust_mozprofile.XCIi9I9Z6TPZ"
1547093653357	addons.webextension.screenshots@mozilla.org	WARN	Loading extension 'screenshots@mozilla.org': Reading manifest: Invalid host permission: resource://pdf.js/
1547093653357	addons.webextension.screenshots@mozilla.org	WARN	Loading extension 'screenshots@mozilla.org': Reading manifest: Invalid host permission: about:reader*
1547093653470	Marionette	DEBUG	Received observer notification profile-after-change
1547093653565	Marionette	DEBUG	Received observer notification command-line-startup
1547093653565	Marionette	DEBUG	Received observer notification nsPref:changed
1547093653565	Marionette	DEBUG	Init aborted (running=false, enabled=true, finalUIStartup=false)
1547093653756	Marionette	DEBUG	Received observer notification toplevel-window-ready
Can't find symbol 'GetGraphicsResetStatus'.
1547093654730	Marionette	DEBUG	Received observer notification sessionstore-windows-restored
1547093654730	Marionette	DEBUG	Waiting for delayed startup...
1547093654851	Marionette	DEBUG	Setting recommended pref app.update.disabledForTesting to true
1547093654852	Marionette	DEBUG	Setting recommended pref security.turn_off_all_security_so_that_viruses_can_take_over_this_computer to true
1547093654852	Marionette	DEBUG	Setting recommended pref browser.contentblocking.introCount to 99
1547093654853	Marionette	DEBUG	Setting recommended pref browser.urlbar.suggest.searches to false
1547093654853	Marionette	DEBUG	Setting recommended pref datareporting.policy.dataSubmissionPolicyAccepted to false
1547093654853	Marionette	DEBUG	Setting recommended pref dom.disable_beforeunload to true
1547093654854	Marionette	DEBUG	Setting recommended pref toolkit.cosmeticAnimations.enabled to false
1547093654895	Marionette	INFO	Listening on port 61767
1547093654895	Marionette	DEBUG	Remote service is active
1547093654998	Marionette	DEBUG	Accepted connection 0 from 127.0.0.1:61812
1547093655001	Marionette	TRACE	0 -> [0,1,"newSession",{"acceptInsecureCerts":true,"browserName":"firefox","capabilities":{"desiredCapabilities":{"acceptInsecureCerts":true,"browserName":"firefox"}}}]
1547093655002	Marionette	TRACE	0 <- [1,1,{"error":"unknown command","message":"newSession","stacktrace":"WebDriverError@chrome://marionette/content/error.js:178: ... et@chrome://marionette/content/server.js:236:8\n_onJSONObjectReady/<@chrome://marionette/content/transport.js:490:9\n"},null]
[GFX1-]: Receive IPC close with reason=AbnormalShutdown
[GFX1-]: Receive IPC close with reason=AbnormalShutdown
1547093729056	geckodriver	INFO	geckodriver 0.19.0
1547093729061	geckodriver	INFO	Listening on 127.0.0.1:61821
1547093730138	mozrunner::runner	INFO	Running command: "/Applications/Firefox.app/Contents/MacOS/firefox-bin" "-marionette" "-profile" "/var/folders/hc/phypkz_n6vsdv6pw140hpk4h0000gn/T/rust_mozprofile.4BLfr2E4cBqR"
1547093730584	addons.webextension.screenshots@mozilla.org	WARN	Loading extension 'screenshots@mozilla.org': Reading manifest: Invalid host permission: resource://pdf.js/
1547093730585	addons.webextension.screenshots@mozilla.org	WARN	Loading extension 'screenshots@mozilla.org': Reading manifest: Invalid host permission: about:reader*
1547093730697	Marionette	DEBUG	Received observer notification profile-after-change
1547093730793	Marionette	DEBUG	Received observer notification command-line-startup
1547093730793	Marionette	DEBUG	Received observer notification nsPref:changed
1547093730793	Marionette	DEBUG	Init aborted (running=false, enabled=true, finalUIStartup=false)
1547093730975	Marionette	DEBUG	Received observer notification toplevel-window-ready
Can't find symbol 'GetGraphicsResetStatus'.
1547093731791	Marionette	DEBUG	Received observer notification sessionstore-windows-restored
1547093731792	Marionette	DEBUG	Waiting for delayed startup...
1547093731894	Marionette	DEBUG	Setting recommended pref app.update.disabledForTesting to true
1547093731894	Marionette	DEBUG	Setting recommended pref security.turn_off_all_security_so_that_viruses_can_take_over_this_computer to true
1547093731895	Marionette	DEBUG	Setting recommended pref browser.contentblocking.introCount to 99
1547093731895	Marionette	DEBUG	Setting recommended pref browser.urlbar.suggest.searches to false
1547093731896	Marionette	DEBUG	Setting recommended pref datareporting.policy.dataSubmissionPolicyAccepted to false
1547093731896	Marionette	DEBUG	Setting recommended pref dom.disable_beforeunload to true
1547093731896	Marionette	DEBUG	Setting recommended pref toolkit.cosmeticAnimations.enabled to false
1547093731930	Marionette	INFO	Listening on port 61832
1547093731930	Marionette	DEBUG	Remote service is active
1547093731994	Marionette	DEBUG	Accepted connection 0 from 127.0.0.1:61872
1547093731995	Marionette	TRACE	0 -> [0,1,"newSession",{"acceptInsecureCerts":true,"browserName":"firefox","capabilities":{"desiredCapabilities":{"acceptInsecureCerts":true,"browserName":"firefox"}}}]
1547093731996	Marionette	TRACE	0 <- [1,1,{"error":"unknown command","message":"newSession","stacktrace":"WebDriverError@chrome://marionette/content/error.js:178: ... et@chrome://marionette/content/server.js:236:8\n_onJSONObjectReady/<@chrome://marionette/content/transport.js:490:9\n"},null]
[GFX1-]: Receive IPC close with reason=AbnormalShutdown
[GFX1-]: Receive IPC close with reason=AbnormalShutdown
[Child 78804, Chrome_ChildThread] WARNING: pipe error: Broken pipe: file /builds/worker/workspace/build/src/ipc/chromium/src/chrome/common/ipc_channel_posix.cc, line 736
1547093785569	geckodriver	INFO	geckodriver 0.19.0
1547093785574	geckodriver	INFO	Listening on 127.0.0.1:61887
1547093786647	mozrunner::runner	INFO	Running command: "/Applications/Firefox.app/Contents/MacOS/firefox-bin" "-marionette" "-profile" "/var/folders/hc/phypkz_n6vsdv6pw140hpk4h0000gn/T/rust_mozprofile.6qlv2uNbhTAy"
1547093787102	addons.webextension.screenshots@mozilla.org	WARN	Loading extension 'screenshots@mozilla.org': Reading manifest: Invalid host permission: resource://pdf.js/
1547093787102	addons.webextension.screenshots@mozilla.org	WARN	Loading extension 'screenshots@mozilla.org': Reading manifest: Invalid host permission: about:reader*
1547093787214	Marionette	DEBUG	Received observer notification profile-after-change
1547093787310	Marionette	DEBUG	Received observer notification command-line-startup
1547093787310	Marionette	DEBUG	Received observer notification nsPref:changed
1547093787311	Marionette	DEBUG	Init aborted (running=false, enabled=true, finalUIStartup=false)
1547093787479	Marionette	DEBUG	Received observer notification toplevel-window-ready
Can't find symbol 'GetGraphicsResetStatus'.
1547093788297	Marionette	DEBUG	Received observer notification sessionstore-windows-restored
1547093788298	Marionette	DEBUG	Waiting for delayed startup...
1547093788363	Marionette	DEBUG	Setting recommended pref app.update.disabledForTesting to true
1547093788370	Marionette	DEBUG	Setting recommended pref security.turn_off_all_security_so_that_viruses_can_take_over_this_computer to true
1547093788374	Marionette	DEBUG	Setting recommended pref browser.contentblocking.introCount to 99
1547093788375	Marionette	DEBUG	Setting recommended pref browser.urlbar.suggest.searches to false
1547093788376	Marionette	DEBUG	Setting recommended pref datareporting.policy.dataSubmissionPolicyAccepted to false
1547093788376	Marionette	DEBUG	Setting recommended pref dom.disable_beforeunload to true
1547093788377	Marionette	DEBUG	Setting recommended pref toolkit.cosmeticAnimations.enabled to false
1547093788418	Marionette	INFO	Listening on port 61898
1547093788419	Marionette	DEBUG	Remote service is active
1547093788510	Marionette	DEBUG	Accepted connection 0 from 127.0.0.1:61938
1547093788512	Marionette	TRACE	0 -> [0,1,"newSession",{"acceptInsecureCerts":true,"browserName":"firefox","capabilities":{"desiredCapabilities":{"acceptInsecureCerts":true,"browserName":"firefox"}}}]
1547093788512	Marionette	TRACE	0 <- [1,1,{"error":"unknown command","message":"newSession","stacktrace":"WebDriverError@chrome://marionette/content/error.js:178: ... et@chrome://marionette/content/server.js:236:8\n_onJSONObjectReady/<@chrome://marionette/content/transport.js:490:9\n"},null]
[GFX1-]: Receive IPC close with reason=AbnormalShutdown
[GFX1-]: Receive IPC close with reason=AbnormalShutdown
1547094068686	geckodriver	INFO	geckodriver 0.19.0
1547094068691	geckodriver	INFO	Listening on 127.0.0.1:62088
1547094069765	mozrunner::runner	INFO	Running command: "/Applications/Firefox.app/Contents/MacOS/firefox-bin" "-marionette" "-profile" "/var/folders/hc/phypkz_n6vsdv6pw140hpk4h0000gn/T/rust_mozprofile.fZQrmdRDnJCK"
1547094070218	addons.webextension.screenshots@mozilla.org	WARN	Loading extension 'screenshots@mozilla.org': Reading manifest: Invalid host permission: resource://pdf.js/
1547094070219	addons.webextension.screenshots@mozilla.org	WARN	Loading extension 'screenshots@mozilla.org': Reading manifest: Invalid host permission: about:reader*
1547094070327	Marionette	DEBUG	Received observer notification profile-after-change
1547094070420	Marionette	DEBUG	Received observer notification command-line-startup
1547094070420	Marionette	DEBUG	Received observer notification nsPref:changed
1547094070420	Marionette	DEBUG	Init aborted (running=false, enabled=true, finalUIStartup=false)
1547094070590	Marionette	DEBUG	Received observer notification toplevel-window-ready
Can't find symbol 'GetGraphicsResetStatus'.
1547094071432	Marionette	DEBUG	Received observer notification sessionstore-windows-restored
1547094071432	Marionette	DEBUG	Waiting for delayed startup...
1547094071493	Marionette	DEBUG	Setting recommended pref app.update.disabledForTesting to true
1547094071494	Marionette	DEBUG	Setting recommended pref security.turn_off_all_security_so_that_viruses_can_take_over_this_computer to true
1547094071494	Marionette	DEBUG	Setting recommended pref browser.contentblocking.introCount to 99
1547094071495	Marionette	DEBUG	Setting recommended pref browser.urlbar.suggest.searches to false
1547094071495	Marionette	DEBUG	Setting recommended pref datareporting.policy.dataSubmissionPolicyAccepted to false
1547094071495	Marionette	DEBUG	Setting recommended pref dom.disable_beforeunload to true
1547094071495	Marionette	DEBUG	Setting recommended pref toolkit.cosmeticAnimations.enabled to false
1547094071535	Marionette	INFO	Listening on port 62099
1547094071535	Marionette	DEBUG	Remote service is active
1547094071638	Marionette	DEBUG	Accepted connection 0 from 127.0.0.1:62139
1547094071639	Marionette	TRACE	0 -> [0,1,"newSession",{"acceptInsecureCerts":true,"browserName":"firefox","capabilities":{"desiredCapabilities":{"acceptInsecureCerts":true,"browserName":"firefox"}}}]
1547094071639	Marionette	TRACE	0 <- [1,1,{"error":"unknown command","message":"newSession","stacktrace":"WebDriverError@chrome://marionette/content/error.js:178: ... et@chrome://marionette/content/server.js:236:8\n_onJSONObjectReady/<@chrome://marionette/content/transport.js:490:9\n"},null]
[GFX1-]: Receive IPC close with reason=AbnormalShutdown
[GFX1-]: Receive IPC close with reason=AbnormalShutdown
1547094492566	geckodriver	INFO	geckodriver 0.19.0
1547094492570	geckodriver	INFO	Listening on 127.0.0.1:62156
1547094493673	mozrunner::runner	INFO	Running command: "/Applications/Firefox.app/Contents/MacOS/firefox-bin" "-marionette" "-profile" "/var/folders/hc/phypkz_n6vsdv6pw140hpk4h0000gn/T/rust_mozprofile.w3koqoNUUpj4"
1547094494127	addons.webextension.screenshots@mozilla.org	WARN	Loading extension 'screenshots@mozilla.org': Reading manifest: Invalid host permission: resource://pdf.js/
1547094494127	addons.webextension.screenshots@mozilla.org	WARN	Loading extension 'screenshots@mozilla.org': Reading manifest: Invalid host permission: about:reader*
1547094494244	Marionette	DEBUG	Received observer notification profile-after-change
1547094494339	Marionette	DEBUG	Received observer notification command-line-startup
1547094494340	Marionette	DEBUG	Received observer notification nsPref:changed
1547094494340	Marionette	DEBUG	Init aborted (running=false, enabled=true, finalUIStartup=false)
1547094494508	Marionette	DEBUG	Received observer notification toplevel-window-ready
Can't find symbol 'GetGraphicsResetStatus'.
1547094495339	Marionette	DEBUG	Received observer notification sessionstore-windows-restored
1547094495339	Marionette	DEBUG	Waiting for delayed startup...
1547094495451	Marionette	DEBUG	Setting recommended pref app.update.disabledForTesting to true
1547094495452	Marionette	DEBUG	Setting recommended pref security.turn_off_all_security_so_that_viruses_can_take_over_this_computer to true
1547094495452	Marionette	DEBUG	Setting recommended pref browser.contentblocking.introCount to 99
1547094495453	Marionette	DEBUG	Setting recommended pref browser.urlbar.suggest.searches to false
1547094495454	Marionette	DEBUG	Setting recommended pref datareporting.policy.dataSubmissionPolicyAccepted to false
1547094495454	Marionette	DEBUG	Setting recommended pref dom.disable_beforeunload to true
1547094495454	Marionette	DEBUG	Setting recommended pref toolkit.cosmeticAnimations.enabled to false
1547094495489	Marionette	INFO	Listening on port 62167
1547094495489	Marionette	DEBUG	Remote service is active
1547094495543	Marionette	DEBUG	Accepted connection 0 from 127.0.0.1:62207
1547094495549	Marionette	TRACE	0 -> [0,1,"newSession",{"acceptInsecureCerts":true,"browserName":"firefox","capabilities":{"desiredCapabilities":{"acceptInsecureCerts":true,"browserName":"firefox"}}}]
1547094495550	Marionette	TRACE	0 <- [1,1,{"error":"unknown command","message":"newSession","stacktrace":"WebDriverError@chrome://marionette/content/error.js:178: ... et@chrome://marionette/content/server.js:236:8\n_onJSONObjectReady/<@chrome://marionette/content/transport.js:490:9\n"},null]
[GFX1-]: Receive IPC close with reason=AbnormalShutdown
[GFX1-]: Receive IPC close with reason=AbnormalShutdown
1547095068998	geckodriver	INFO	geckodriver 0.19.0
1547095069003	geckodriver	INFO	Listening on 127.0.0.1:62386
1547095070102	mozrunner::runner	INFO	Running command: "/Applications/Firefox.app/Contents/MacOS/firefox-bin" "-marionette" "-profile" "/var/folders/hc/phypkz_n6vsdv6pw140hpk4h0000gn/T/rust_mozprofile.drgp6zpc71DZ"
1547095070647	addons.webextension.screenshots@mozilla.org	WARN	Loading extension 'screenshots@mozilla.org': Reading manifest: Invalid host permission: resource://pdf.js/
1547095070647	addons.webextension.screenshots@mozilla.org	WARN	Loading extension 'screenshots@mozilla.org': Reading manifest: Invalid host permission: about:reader*
1547095070789	Marionette	DEBUG	Received observer notification profile-after-change
1547095070906	Marionette	DEBUG	Received observer notification command-line-startup
1547095070906	Marionette	DEBUG	Received observer notification nsPref:changed
1547095070906	Marionette	DEBUG	Init aborted (running=false, enabled=true, finalUIStartup=false)
1547095071105	Marionette	DEBUG	Received observer notification toplevel-window-ready
Can't find symbol 'GetGraphicsResetStatus'.
1547095072090	Marionette	DEBUG	Received observer notification sessionstore-windows-restored
1547095072090	Marionette	DEBUG	Waiting for delayed startup...
1547095072169	Marionette	DEBUG	Setting recommended pref app.update.disabledForTesting to true
1547095072169	Marionette	DEBUG	Setting recommended pref security.turn_off_all_security_so_that_viruses_can_take_over_this_computer to true
1547095072169	Marionette	DEBUG	Setting recommended pref browser.contentblocking.introCount to 99
1547095072170	Marionette	DEBUG	Setting recommended pref browser.urlbar.suggest.searches to false
1547095072170	Marionette	DEBUG	Setting recommended pref datareporting.policy.dataSubmissionPolicyAccepted to false
1547095072170	Marionette	DEBUG	Setting recommended pref dom.disable_beforeunload to true
1547095072171	Marionette	DEBUG	Setting recommended pref toolkit.cosmeticAnimations.enabled to false
1547095072220	Marionette	INFO	Listening on port 62397
1547095072220	Marionette	DEBUG	Remote service is active
1547095072287	Marionette	DEBUG	Accepted connection 0 from 127.0.0.1:62443
1547095072291	Marionette	TRACE	0 -> [0,1,"newSession",{"acceptInsecureCerts":true,"browserName":"firefox","capabilities":{"desiredCapabilities":{"acceptInsecureCerts":true,"browserName":"firefox"}}}]
1547095072291	Marionette	TRACE	0 <- [1,1,{"error":"unknown command","message":"newSession","stacktrace":"WebDriverError@chrome://marionette/content/error.js:178: ... et@chrome://marionette/content/server.js:236:8\n_onJSONObjectReady/<@chrome://marionette/content/transport.js:490:9\n"},null]
[GFX1-]: Receive IPC close with reason=AbnormalShutdown
1547095418929	mozrunner::runner	INFO	Running command: "/Applications/Firefox.app/Contents/MacOS/firefox-bin" "-marionette" "-foreground" "-no-remote" "-profile" "/var/folders/hc/phypkz_n6vsdv6pw140hpk4h0000gn/T/rust_mozprofile.pdzsgD8sufa8"
1547095419543	addons.webextension.screenshots@mozilla.org	WARN	Loading extension 'screenshots@mozilla.org': Reading manifest: Invalid host permission: resource://pdf.js/
1547095419543	addons.webextension.screenshots@mozilla.org	WARN	Loading extension 'screenshots@mozilla.org': Reading manifest: Invalid host permission: about:reader*
Can't find symbol 'GetGraphicsResetStatus'.
1547095421150	Marionette	INFO	Listening on port 62482
1547095421209	Marionette	WARN	TLS certificate errors will be ignored for this session
console.error: BroadcastService: 
  receivedBroadcastMessage: handler for
  remote-settings/monitor_changes
  threw error:
  Message: Error: Polling for changes failed: NetworkError when attempting to fetch resource..
  Stack:
    remoteSettingsFunction/remoteSettings.pollChanges@resource://services-settings/remote-settings.js:750:13

1547096078754	mozrunner::runner	INFO	Running command: "/Applications/Firefox.app/Contents/MacOS/firefox-bin" "-marionette" "-foreground" "-no-remote" "-profile" "/var/folders/hc/phypkz_n6vsdv6pw140hpk4h0000gn/T/rust_mozprofile.wRDvMiPqQC5F"
1547096079348	addons.webextension.screenshots@mozilla.org	WARN	Loading extension 'screenshots@mozilla.org': Reading manifest: Invalid host permission: resource://pdf.js/
1547096079349	addons.webextension.screenshots@mozilla.org	WARN	Loading extension 'screenshots@mozilla.org': Reading manifest: Invalid host permission: about:reader*
Can't find symbol 'GetGraphicsResetStatus'.
1547096080735	Marionette	INFO	Listening on port 62572
1547096080812	Marionette	WARN	TLS certificate errors will be ignored for this session
1547096080884	Marionette	INFO	Stopped listening on port 62572
JavaScript error: resource://gre/modules/Sqlite.jsm, line 841: Error: Connection is not open.
1547096100535	Marionette	INFO	Stopped listening on port 62482
1547096343907	mozrunner::runner	INFO	Running command: "/Applications/Firefox.app/Contents/MacOS/firefox-bin" "-marionette" "-foreground" "-no-remote" "-profile" "/var/folders/hc/phypkz_n6vsdv6pw140hpk4h0000gn/T/rust_mozprofile.NPP3TaOWkKyT"
1547096344424	addons.webextension.screenshots@mozilla.org	WARN	Loading extension 'screenshots@mozilla.org': Reading manifest: Invalid host permission: resource://pdf.js/
1547096344424	addons.webextension.screenshots@mozilla.org	WARN	Loading extension 'screenshots@mozilla.org': Reading manifest: Invalid host permission: about:reader*
Can't find symbol 'GetGraphicsResetStatus'.
1547096345803	Marionette	INFO	Listening on port 62742
1547096345874	Marionette	WARN	TLS certificate errors will be ignored for this session
1547096345938	Marionette	INFO	Stopped listening on port 62742
JavaScript error: resource://gre/modules/Sqlite.jsm, line 841: Error: Connection is not open.
1547180725393	mozrunner::runner	INFO	Running command: "/Applications/Firefox.app/Contents/MacOS/firefox-bin" "-marionette" "-foreground" "-no-remote" "-profile" "/var/folders/hc/phypkz_n6vsdv6pw140hpk4h0000gn/T/rust_mozprofile.Ut5n10eiXt7U"
1547180726123	addons.webextension.screenshots@mozilla.org	WARN	Loading extension 'screenshots@mozilla.org': Reading manifest: Invalid host permission: resource://pdf.js/
1547180726123	addons.webextension.screenshots@mozilla.org	WARN	Loading extension 'screenshots@mozilla.org': Reading manifest: Invalid host permission: about:reader*
Can't find symbol 'GetGraphicsResetStatus'.
1547180727894	Marionette	INFO	Listening on port 64695
1547180727961	Marionette	WARN	TLS certificate errors will be ignored for this session
1547180728227	Marionette	INFO	Stopped listening on port 64695
JavaScript error: resource://gre/modules/Sqlite.jsm, line 841: Error: Connection is not open.
1547181064952	mozrunner::runner	INFO	Running command: "/Applications/Firefox.app/Contents/MacOS/firefox-bin" "-marionette" "-foreground" "-no-remote" "-profile" "/var/folders/hc/phypkz_n6vsdv6pw140hpk4h0000gn/T/rust_mozprofile.ggmvSJlaQbfY"
1547181065449	addons.webextension.screenshots@mozilla.org	WARN	Loading extension 'screenshots@mozilla.org': Reading manifest: Invalid host permission: resource://pdf.js/
1547181065449	addons.webextension.screenshots@mozilla.org	WARN	Loading extension 'screenshots@mozilla.org': Reading manifest: Invalid host permission: about:reader*
Can't find symbol 'GetGraphicsResetStatus'.
1547181066849	Marionette	INFO	Listening on port 64746
1547181066901	Marionette	WARN	TLS certificate errors will be ignored for this session
1547181069075	Marionette	INFO	Stopped listening on port 64746
JavaScript error: jar:file:///Applications/Firefox.app/Contents/Resources/omni.ja!/components/nsUrlClassifierListManager.js, line 597: TypeError: this.tablesData[table] is undefined
1547522455769	mozrunner::runner	INFO	Running command: "/Applications/Firefox.app/Contents/MacOS/firefox-bin" "-marionette" "-foreground" "-no-remote" "-profile" "/var/folders/hc/phypkz_n6vsdv6pw140hpk4h0000gn/T/rust_mozprofile.Q1F3GR5IVuxr"
1547522456697	addons.webextension.screenshots@mozilla.org	WARN	Loading extension 'screenshots@mozilla.org': Reading manifest: Invalid host permission: resource://pdf.js/
1547522456697	addons.webextension.screenshots@mozilla.org	WARN	Loading extension 'screenshots@mozilla.org': Reading manifest: Invalid host permission: about:reader*
Can't find symbol 'GetGraphicsResetStatus'.
1547522458537	Marionette	INFO	Listening on port 51566
1547522458586	Marionette	WARN	TLS certificate errors will be ignored for this session
1547522460868	Marionette	INFO	Stopped listening on port 51566
